###############################################################################
#
# IAR ANSI C/C++ Compiler V7.30.3.8024/W32 for ARM        24/Nov/2014  11:34:26
# Copyright 1999-2014 IAR Systems AB.
#
#    Cpu mode     =  thumb
#    Endian       =  little
#    Source file  =  
#        D:\Mes
#        Documents\ST32\Toolbox_TP1\Libraries\STM32L1xx_StdPeriph_Driver\src\stm32l1xx_iwdg.c
#    Command line =  
#        "D:\Mes
#        Documents\ST32\Toolbox_TP1\Libraries\STM32L1xx_StdPeriph_Driver\src\stm32l1xx_iwdg.c"
#        -D USE_STDPERIPH_DRIVER -D STM32L1XX_XL -lcN "D:\Mes
#        Documents\ST32\Toolbox_TP1\Debug\List\" -o "D:\Mes
#        Documents\ST32\Toolbox_TP1\Debug\Obj\" --no_cse --no_unroll
#        --no_inline --no_code_motion --no_tbaa --no_clustering --no_scheduling
#        --debug --endian=little --cpu=Cortex-M3 -e --fpu=None --dlib_config
#        "C:\Program Files (x86)\IAR Systems\Embedded Workbench
#        7.0_2\arm\INC\c\DLib_Config_Normal.h" -I "D:\Mes
#        Documents\ST32\Toolbox_TP1\Libraries\CMSIS\Device\ST\STM32L1xx\Include\"
#        -I "D:\Mes
#        Documents\ST32\Toolbox_TP1\Libraries\STM32L1xx_StdPeriph_Driver\inc\"
#        -I "D:\Mes
#        Documents\ST32\Toolbox_TP1\Libraries\STM32L1xx_StdPeriph_Driver\src\"
#        -I "D:\Mes Documents\ST32\Toolbox_TP1\Libraries\CMSIS\Include\" -I
#        "D:\Mes Documents\ST32\Toolbox_TP1\" -I "D:\Mes
#        Documents\ST32\Toolbox_TP1\Libraries\stm32l1xx_nucleo\" -Ol
#    List file    =  
#        D:\Mes Documents\ST32\Toolbox_TP1\Debug\List\stm32l1xx_iwdg.lst
#    Object file  =  
#        D:\Mes Documents\ST32\Toolbox_TP1\Debug\Obj\stm32l1xx_iwdg.o
#
###############################################################################

D:\Mes Documents\ST32\Toolbox_TP1\Libraries\STM32L1xx_StdPeriph_Driver\src\stm32l1xx_iwdg.c
      1          /**
      2            ******************************************************************************
      3            * @file    stm32l1xx_iwdg.c
      4            * @author  MCD Application Team
      5            * @version V1.3.0
      6            * @date    31-January-2014
      7            * @brief   This file provides firmware functions to manage the following 
      8            *          functionalities of the Independent watchdog (IWDG) peripheral:           
      9            *           + Prescaler and Counter configuration
     10            *           + IWDG activation
     11            *           + Flag management
     12            *
     13            *  @verbatim  
     14            *  
     15            ============================================================================== 
     16                                    ##### IWDG features #####
     17            ============================================================================== 
     18              [..] The IWDG can be started by either software or hardware (configurable
     19                   through option byte).
     20                       
     21              [..] The IWDG is clocked by its own dedicated low-speed clock (LSI) and
     22                   thus stays active even if the main clock fails.
     23                   Once the IWDG is started, the LSI is forced ON and cannot be disabled
     24                   (LSI cannot be disabled too), and the counter starts counting down from 
     25                   the reset value of 0xFFF. When it reaches the end of count value (0x000)
     26                   a system reset is generated.
     27                   The IWDG counter should be reloaded at regular intervals to prevent
     28                   an MCU reset.
     29                                       
     30              [..] The IWDG is implemented in the VDD voltage domain that is still functional
     31                   in STOP and STANDBY mode (IWDG reset can wake-up from STANDBY).
     32                        
     33              [..] IWDGRST flag in RCC_CSR register can be used to inform when a IWDG
     34                   reset occurs.
     35                        
     36              [..] Min-max timeout value @37KHz (LSI): ~108us / ~28.3s
     37                   The IWDG timeout may vary due to LSI frequency dispersion. STM32L1xx
     38                   devices provide the capability to measure the LSI frequency (LSI clock
     39                   connected internally to TIM10 CH1 input capture). The measured value
     40                   can be used to have an IWDG timeout with an acceptable accuracy. 
     41                   For more information, please refer to the STM32L1xx Reference manual.
     42                      
     43                                    ##### How to use this driver ##### 
     44            ============================================================================== 
     45              [..]
     46              (#) Enable write access to IWDG_PR and IWDG_RLR registers using
     47                  IWDG_WriteAccessCmd(IWDG_WriteAccess_Enable) function.
     48              (#) Configure the IWDG prescaler using IWDG_SetPrescaler() function.
     49          
     50              (#) Configure the IWDG counter value using IWDG_SetReload() function.
     51                  This value will be loaded in the IWDG counter each time the counter
     52                  is reloaded, then the IWDG will start counting down from this value.
     53          
     54              (#) Start the IWDG using IWDG_Enable() function, when the IWDG is used
     55                  in software mode (no need to enable the LSI, it will be enabled
     56                  by hardware).
     57          
     58              (#) Then the application program must reload the IWDG counter at regular
     59                  intervals during normal operation to prevent an MCU reset, using
     60                  IWDG_ReloadCounter() function.
     61          
     62              @endverbatim
     63            *    
     64            ******************************************************************************
     65            * @attention
     66            *
     67            * <h2><center>&copy; COPYRIGHT 2014 STMicroelectronics</center></h2>
     68            *
     69            * Licensed under MCD-ST Liberty SW License Agreement V2, (the "License");
     70            * You may not use this file except in compliance with the License.
     71            * You may obtain a copy of the License at:
     72            *
     73            *        http://www.st.com/software_license_agreement_liberty_v2
     74            *
     75            * Unless required by applicable law or agreed to in writing, software 
     76            * distributed under the License is distributed on an "AS IS" BASIS, 
     77            * WITHOUT WARRANTIES OR CONDITIONS OF ANY KIND, either express or implied.
     78            * See the License for the specific language governing permissions and
     79            * limitations under the License.
     80            *
     81            ******************************************************************************
     82            */
     83          
     84          /* Includes ------------------------------------------------------------------*/
     85          #include "stm32l1xx_iwdg.h"
     86          
     87          /** @addtogroup STM32L1xx_StdPeriph_Driver
     88            * @{
     89            */
     90          
     91          /** @defgroup IWDG 
     92            * @brief IWDG driver modules
     93            * @{
     94            */ 
     95          
     96          /* Private typedef -----------------------------------------------------------*/
     97          /* Private define ------------------------------------------------------------*/
     98          /* ---------------------- IWDG registers bit mask ----------------------------*/
     99          /* KR register bit mask */
    100          #define KR_KEY_RELOAD    ((uint16_t)0xAAAA)
    101          #define KR_KEY_ENABLE    ((uint16_t)0xCCCC)
    102          
    103          /* Private macro -------------------------------------------------------------*/
    104          /* Private variables ---------------------------------------------------------*/
    105          /* Private function prototypes -----------------------------------------------*/
    106          /* Private functions ---------------------------------------------------------*/
    107          
    108          /** @defgroup IWDG_Private_Functions
    109            * @{
    110            */
    111          
    112          /** @defgroup IWDG_Group1 Prescaler and Counter configuration functions
    113           *  @brief   Prescaler and Counter configuration functions
    114           *
    115          @verbatim   
    116            ==============================================================================
    117                      ##### Prescaler and Counter configuration functions #####
    118            ==============================================================================  
    119          
    120          @endverbatim
    121            * @{
    122            */
    123          
    124          /**
    125            * @brief  Enables or disables write access to IWDG_PR and IWDG_RLR registers.
    126            * @param  IWDG_WriteAccess: new state of write access to IWDG_PR and IWDG_RLR registers.
    127            *   This parameter can be one of the following values:
    128            *     @arg IWDG_WriteAccess_Enable: Enable write access to IWDG_PR and IWDG_RLR registers
    129            *     @arg IWDG_WriteAccess_Disable: Disable write access to IWDG_PR and IWDG_RLR registers
    130            * @retval None
    131            */
    132          void IWDG_WriteAccessCmd(uint16_t IWDG_WriteAccess)
    133          {
    134            /* Check the parameters */
    135            assert_param(IS_IWDG_WRITE_ACCESS(IWDG_WriteAccess));
    136            IWDG->KR = IWDG_WriteAccess;
    137          }
    138          
    139          /**
    140            * @brief  Sets IWDG Prescaler value.
    141            * @param  IWDG_Prescaler: specifies the IWDG Prescaler value.
    142            *   This parameter can be one of the following values:
    143            *     @arg IWDG_Prescaler_4: IWDG prescaler set to 4
    144            *     @arg IWDG_Prescaler_8: IWDG prescaler set to 8
    145            *     @arg IWDG_Prescaler_16: IWDG prescaler set to 16
    146            *     @arg IWDG_Prescaler_32: IWDG prescaler set to 32
    147            *     @arg IWDG_Prescaler_64: IWDG prescaler set to 64
    148            *     @arg IWDG_Prescaler_128: IWDG prescaler set to 128
    149            *     @arg IWDG_Prescaler_256: IWDG prescaler set to 256
    150            * @retval None
    151            */
    152          void IWDG_SetPrescaler(uint8_t IWDG_Prescaler)
    153          {
    154            /* Check the parameters */
    155            assert_param(IS_IWDG_PRESCALER(IWDG_Prescaler));
    156            IWDG->PR = IWDG_Prescaler;
    157          }
    158          
    159          /**
    160            * @brief  Sets IWDG Reload value.
    161            * @param  Reload: specifies the IWDG Reload value.
    162            *   This parameter must be a number between 0 and 0x0FFF.
    163            * @retval None
    164            */
    165          void IWDG_SetReload(uint16_t Reload)
    166          {
    167            /* Check the parameters */
    168            assert_param(IS_IWDG_RELOAD(Reload));
    169            IWDG->RLR = Reload;
    170          }
    171          
    172          /**
    173            * @brief  Reloads IWDG counter with value defined in the reload register
    174            *   (write access to IWDG_PR and IWDG_RLR registers disabled).
    175            * @param  None
    176            * @retval None
    177            */
    178          void IWDG_ReloadCounter(void)
    179          {
    180            IWDG->KR = KR_KEY_RELOAD;
    181          }
    182          
    183          /**
    184            * @}
    185            */
    186          
    187          /** @defgroup IWDG_Group2 IWDG activation function
    188           *  @brief   IWDG activation function 
    189           *
    190          @verbatim   
    191            ==============================================================================
    192                                    ##### IWDG activation function #####
    193            ==============================================================================  
    194          
    195          @endverbatim
    196            * @{
    197            */
    198          
    199          /**
    200            * @brief  Enables IWDG (write access to IWDG_PR and IWDG_RLR registers disabled).
    201            * @param  None.
    202            * @retval None.
    203            */
    204          void IWDG_Enable(void)
    205          {
    206            IWDG->KR = KR_KEY_ENABLE;
    207          }
    208          
    209          /**
    210            * @}
    211            */
    212          
    213          /** @defgroup IWDG_Group3 Flag management function 
    214           *  @brief  Flag management function  
    215           *
    216          @verbatim   
    217           ===============================================================================
    218                                ##### Flag management function ##### 
    219           ===============================================================================  
    220          
    221          @endverbatim
    222            * @{
    223            */
    224          
    225          /**
    226            * @brief  Checks whether the specified IWDG flag is set or not.
    227            * @param  IWDG_FLAG: specifies the flag to check.
    228            *   This parameter can be one of the following values:
    229            *     @arg IWDG_FLAG_PVU: Prescaler Value Update on going
    230            *     @arg IWDG_FLAG_RVU: Reload Value Update on going
    231            * @retval The new state of IWDG_FLAG (SET or RESET).
    232            */
    233          FlagStatus IWDG_GetFlagStatus(uint16_t IWDG_FLAG)
    234          {
    235            FlagStatus bitstatus = RESET;
    236            /* Check the parameters */
    237            assert_param(IS_IWDG_FLAG(IWDG_FLAG));
    238            if ((IWDG->SR & IWDG_FLAG) != (uint32_t)RESET)
    239            {
    240              bitstatus = SET;
    241            }
    242            else
    243            {
    244              bitstatus = RESET;
    245            }
    246            /* Return the flag status */
    247            return bitstatus;
    248          }
    249          
    250          /**
    251            * @}
    252            */
    253          
    254          /**
    255            * @}
    256            */
    257          
    258          /**
    259            * @}
    260            */
    261          
    262          /**
    263            * @}
    264            */
    265          
    266          /************************ (C) COPYRIGHT STMicroelectronics *****END OF FILE****/

   Maximum stack usage in bytes:

   .cstack Function
   ------- --------
       0   IWDG_Enable
       0   IWDG_GetFlagStatus
       0   IWDG_ReloadCounter
       0   IWDG_SetPrescaler
       0   IWDG_SetReload
       0   IWDG_WriteAccessCmd


   Section sizes:

   Bytes  Function/Label
   -----  --------------
       4  ??DataTable5
       4  ??DataTable5_1
       4  ??DataTable5_2
       4  ??DataTable5_3
      10  IWDG_Enable
      24  IWDG_GetFlagStatus
      10  IWDG_ReloadCounter
       8  IWDG_SetPrescaler
       8  IWDG_SetReload
       8  IWDG_WriteAccessCmd

 
 84 bytes in section .text
 
 84 bytes of CODE memory

Errors: none
Warnings: none
